# JRE version: OpenJDK Runtime Environment Temurin-11.0.16+8 (11.0.16+8) (build 11.0.16+8)
# Java VM: OpenJDK 64-Bit Server VM Temurin-11.0.16+8 (11.0.16+8, mixed mode, tiered, compressed oops, g1 gc, windows-amd64)
Heap:
 garbage-first heap   total 118784K, used 11419K [0x00000000a1800000, 0x0000000100000000)
  region size 1024K, 5 young (5120K), 5 survivors (5120K)
 Metaspace       used 29608K, capacity 30107K, committed 30256K, reserved 1085440K
  class space    used 3168K, capacity 3338K, committed 3456K, reserved 1048576K
GC Heap History (10 events):
Event: 1.331 GC heap before
{Heap before GC invocations=0 (full 0):
 garbage-first heap   total 98304K, used 13312K [0x00000000a1800000, 0x0000000100000000)
  region size 1024K, 14 young (14336K), 0 survivors (0K)
 Metaspace       used 11528K, capacity 11776K, committed 11904K, reserved 1060864K
  class space    used 1062K, capacity 1139K, committed 1152K, reserved 1048576K
}
Event: 1.339 GC heap after
{Heap after GC invocations=1 (full 0):
 garbage-first heap   total 98304K, used 3415K [0x00000000a1800000, 0x0000000100000000)
  region size 1024K, 2 young (2048K), 2 survivors (2048K)
 Metaspace       used 11528K, capacity 11776K, committed 11904K, reserved 1060864K
  class space    used 1062K, capacity 1139K, committed 1152K, reserved 1048576K
}
Event: 1.662 GC heap before
{Heap before GC invocations=1 (full 0):
 garbage-first heap   total 98304K, used 11607K [0x00000000a1800000, 0x0000000100000000)
  region size 1024K, 10 young (10240K), 2 survivors (2048K)
 Metaspace       used 13591K, capacity 13868K, committed 14080K, reserved 1062912K
  class space    used 1338K, capacity 1431K, committed 1536K, reserved 1048576K
}
Event: 1.671 GC heap after
{Heap after GC invocations=2 (full 0):
 garbage-first heap   total 98304K, used 4085K [0x00000000a1800000, 0x0000000100000000)
  region size 1024K, 1 young (1024K), 1 survivors (1024K)
 Metaspace       used 13591K, capacity 13868K, committed 14080K, reserved 1062912K
  class space    used 1338K, capacity 1431K, committed 1536K, reserved 1048576K
}
Event: 2.508 GC heap before
{Heap before GC invocations=2 (full 0):
 garbage-first heap   total 98304K, used 27637K [0x00000000a1800000, 0x0000000100000000)
  region size 1024K, 25 young (25600K), 1 survivors (1024K)
 Metaspace       used 15923K, capacity 16153K, committed 16384K, reserved 1064960K
  class space    used 1627K, capacity 1696K, committed 1792K, reserved 1048576K
}
Event: 2.513 GC heap after
{Heap after GC invocations=3 (full 0):
 garbage-first heap   total 98304K, used 4748K [0x00000000a1800000, 0x0000000100000000)
  region size 1024K, 2 young (2048K), 2 survivors (2048K)
 Metaspace       used 15923K, capacity 16153K, committed 16384K, reserved 1064960K
  class space    used 1627K, capacity 1696K, committed 1792K, reserved 1048576K
}
Event: 3.587 GC heap before
{Heap before GC invocations=3 (full 0):
 garbage-first heap   total 98304K, used 32396K [0x00000000a1800000, 0x0000000100000000)
  region size 1024K, 30 young (30720K), 2 survivors (2048K)
 Metaspace       used 20764K, capacity 21083K, committed 21296K, reserved 1069056K
  class space    used 2195K, capacity 2326K, committed 2432K, reserved 1048576K
}
Event: 3.604 GC heap after
{Heap after GC invocations=4 (full 0):
 garbage-first heap   total 98304K, used 6517K [0x00000000a1800000, 0x0000000100000000)
  region size 1024K, 3 young (3072K), 3 survivors (3072K)
 Metaspace       used 20764K, capacity 21083K, committed 21296K, reserved 1069056K
  class space    used 2195K, capacity 2326K, committed 2432K, reserved 1048576K
}
Event: 5.720 GC heap before
{Heap before GC invocations=5 (full 0):
 garbage-first heap   total 98304K, used 60789K [0x00000000a1800000, 0x0000000100000000)
  region size 1024K, 56 young (57344K), 3 survivors (3072K)
 Metaspace       used 22715K, capacity 23199K, committed 23472K, reserved 1071104K
  class space    used 2335K, capacity 2474K, committed 2560K, reserved 1048576K
}
Event: 5.740 GC heap after
{Heap after GC invocations=6 (full 0):
 garbage-first heap   total 98304K, used 9334K [0x00000000a1800000, 0x0000000100000000)
  region size 1024K, 6 young (6144K), 6 survivors (6144K)
 Metaspace       used 22715K, capacity 23199K, committed 23472K, reserved 1071104K
  class space    used 2335K, capacity 2474K, committed 2560K, reserved 1048576K
}

